# JRE version: Java(TM) SE Runtime Environment (8.0_77-b03) (build 1.8.0_77-b03)
# Java VM: Java HotSpot(TM) 64-Bit Server VM (25.77-b03 mixed mode windows-amd64 compressed oops)
Heap:
 PSYoungGen      total 247808K, used 58522K [0x0000000780700000, 0x0000000791600000, 0x00000007c0000000)
  eden space 233472K, 25% used [0x0000000780700000,0x0000000784026ae0,0x000000078eb00000)
  from space 14336K, 0% used [0x000000078fb80000,0x000000078fb80000,0x0000000790980000)
  to   space 16896K, 0% used [0x000000078eb00000,0x000000078eb00000,0x000000078fb80000)
 ParOldGen       total 131072K, used 22934K [0x0000000701400000, 0x0000000709400000, 0x0000000780700000)
  object space 131072K, 17% used [0x0000000701400000,0x0000000702a65bb8,0x0000000709400000)
 Metaspace       used 39195K, capacity 39646K, committed 40152K, reserved 1091584K
  class space    used 5102K, capacity 5220K, committed 5336K, reserved 1048576K
GC Heap History (10 events):
Event: 4.224 GC heap before
{Heap before GC invocations=6 (full 1):
 PSYoungGen      total 106496K, used 98304K [0x0000000780700000, 0x0000000787700000, 0x00000007c0000000)
  eden space 98304K, 100% used [0x0000000780700000,0x0000000786700000,0x0000000786700000)
  from space 8192K, 0% used [0x0000000786f00000,0x0000000786f00000,0x0000000787700000)
  to   space 8192K, 0% used [0x0000000786700000,0x0000000786700000,0x0000000786f00000)
 ParOldGen       total 78336K, used 7679K [0x0000000701400000, 0x0000000706080000, 0x0000000780700000)
  object space 78336K, 9% used [0x0000000701400000,0x0000000701b7fd60,0x0000000706080000)
 Metaspace       used 22703K, capacity 23066K, committed 23296K, reserved 1069056K
  class space    used 2935K, capacity 3022K, committed 3072K, reserved 1048576K
Event: 4.230 GC heap after
Heap after GC invocations=6 (full 1):
 PSYoungGen      total 106496K, used 5981K [0x0000000780700000, 0x000000078ae00000, 0x00000007c0000000)
  eden space 98304K, 0% used [0x0000000780700000,0x0000000780700000,0x0000000786700000)
  from space 8192K, 73% used [0x0000000786700000,0x0000000786cd7450,0x0000000786f00000)
  to   space 9216K, 0% used [0x000000078a500000,0x000000078a500000,0x000000078ae00000)
 ParOldGen       total 78336K, used 7687K [0x0000000701400000, 0x0000000706080000, 0x0000000780700000)
  object space 78336K, 9% used [0x0000000701400000,0x0000000701b81d60,0x0000000706080000)
 Metaspace       used 22703K, capacity 23066K, committed 23296K, reserved 1069056K
  class space    used 2935K, capacity 3022K, committed 3072K, reserved 1048576K
}
Event: 4.875 GC heap before
{Heap before GC invocations=7 (full 1):
 PSYoungGen      total 106496K, used 104285K [0x0000000780700000, 0x000000078ae00000, 0x00000007c0000000)
  eden space 98304K, 100% used [0x0000000780700000,0x0000000786700000,0x0000000786700000)
  from space 8192K, 73% used [0x0000000786700000,0x0000000786cd7450,0x0000000786f00000)
  to   space 9216K, 0% used [0x000000078a500000,0x000000078a500000,0x000000078ae00000)
 ParOldGen       total 78336K, used 7687K [0x0000000701400000, 0x0000000706080000, 0x0000000780700000)
  object space 78336K, 9% used [0x0000000701400000,0x0000000701b81d60,0x0000000706080000)
 Metaspace       used 25928K, capacity 26350K, committed 26624K, reserved 1073152K
  class space    used 3388K, capacity 3484K, committed 3584K, reserved 1048576K
Event: 4.883 GC heap after
Heap after GC invocations=7 (full 1):
 PSYoungGen      total 160256K, used 9191K [0x0000000780700000, 0x000000078b100000, 0x00000007c0000000)
  eden space 151040K, 0% used [0x0000000780700000,0x0000000780700000,0x0000000789a80000)
  from space 9216K, 99% used [0x000000078a500000,0x000000078adf9ed0,0x000000078ae00000)
  to   space 10752K, 0% used [0x0000000789a80000,0x0000000789a80000,0x000000078a500000)
 ParOldGen       total 78336K, used 8126K [0x0000000701400000, 0x0000000706080000, 0x0000000780700000)
  object space 78336K, 10% used [0x0000000701400000,0x0000000701bef9e0,0x0000000706080000)
 Metaspace       used 25928K, capacity 26350K, committed 26624K, reserved 1073152K
  class space    used 3388K, capacity 3484K, committed 3584K, reserved 1048576K
}
Event: 5.895 GC heap before
{Heap before GC invocations=8 (full 1):
 PSYoungGen      total 160256K, used 160231K [0x0000000780700000, 0x000000078b100000, 0x00000007c0000000)
  eden space 151040K, 100% used [0x0000000780700000,0x0000000789a80000,0x0000000789a80000)
  from space 9216K, 99% used [0x000000078a500000,0x000000078adf9ed0,0x000000078ae00000)
  to   space 10752K, 0% used [0x0000000789a80000,0x0000000789a80000,0x000000078a500000)
 ParOldGen       total 78336K, used 8126K [0x0000000701400000, 0x0000000706080000, 0x0000000780700000)
  object space 78336K, 10% used [0x0000000701400000,0x0000000701bef9e0,0x0000000706080000)
 Metaspace       used 30359K, capacity 30772K, committed 30976K, reserved 1077248K
  class space    used 3872K, capacity 3997K, committed 4096K, reserved 1048576K
Event: 5.911 GC heap after
Heap after GC invocations=8 (full 1):
 PSYoungGen      total 161792K, used 10738K [0x0000000780700000, 0x0000000790980000, 0x00000007c0000000)
  eden space 151040K, 0% used [0x0000000780700000,0x0000000780700000,0x0000000789a80000)
  from space 10752K, 99% used [0x0000000789a80000,0x000000078a4fc828,0x000000078a500000)
  to   space 14336K, 0% used [0x000000078fb80000,0x000000078fb80000,0x0000000790980000)
 ParOldGen       total 78336K, used 13635K [0x0000000701400000, 0x0000000706080000, 0x0000000780700000)
  object space 78336K, 17% used [0x0000000701400000,0x0000000702150f50,0x0000000706080000)
 Metaspace       used 30359K, capacity 30772K, committed 30976K, reserved 1077248K
  class space    used 3872K, capacity 3997K, committed 4096K, reserved 1048576K
}
Event: 6.331 GC heap before
{Heap before GC invocations=9 (full 1):
 PSYoungGen      total 161792K, used 54776K [0x0000000780700000, 0x0000000790980000, 0x00000007c0000000)
  eden space 151040K, 29% used [0x0000000780700000,0x00000007832018c8,0x0000000789a80000)
  from space 10752K, 99% used [0x0000000789a80000,0x000000078a4fc828,0x000000078a500000)
  to   space 14336K, 0% used [0x000000078fb80000,0x000000078fb80000,0x0000000790980000)
 ParOldGen       total 78336K, used 13635K [0x0000000701400000, 0x0000000706080000, 0x0000000780700000)
  object space 78336K, 17% used [0x0000000701400000,0x0000000702150f50,0x0000000706080000)
 Metaspace       used 34744K, capacity 35186K, committed 35416K, reserved 1079296K
  class space    used 4480K, capacity 4610K, committed 4696K, reserved 1048576K
Event: 6.342 GC heap after
Heap after GC invocations=9 (full 1):
 PSYoungGen      total 247808K, used 14319K [0x0000000780700000, 0x0000000791600000, 0x00000007c0000000)
  eden space 233472K, 0% used [0x0000000780700000,0x0000000780700000,0x000000078eb00000)
  from space 14336K, 99% used [0x000000078fb80000,0x000000079097bf28,0x0000000790980000)
  to   space 16896K, 0% used [0x000000078eb00000,0x000000078eb00000,0x000000078fb80000)
 ParOldGen       total 78336K, used 14520K [0x0000000701400000, 0x0000000706080000, 0x0000000780700000)
  object space 78336K, 18% used [0x0000000701400000,0x000000070222e0b0,0x0000000706080000)
 Metaspace       used 34744K, capacity 35186K, committed 35416K, reserved 1079296K
  class space    used 4480K, capacity 4610K, committed 4696K, reserved 1048576K
}
Event: 6.342 GC heap before
{Heap before GC invocations=10 (full 2):
 PSYoungGen      total 247808K, used 14319K [0x0000000780700000, 0x0000000791600000, 0x00000007c0000000)
  eden space 233472K, 0% used [0x0000000780700000,0x0000000780700000,0x000000078eb00000)
  from space 14336K, 99% used [0x000000078fb80000,0x000000079097bf28,0x0000000790980000)
  to   space 16896K, 0% used [0x000000078eb00000,0x000000078eb00000,0x000000078fb80000)
 ParOldGen       total 78336K, used 14520K [0x0000000701400000, 0x0000000706080000, 0x0000000780700000)
  object space 78336K, 18% used [0x0000000701400000,0x000000070222e0b0,0x0000000706080000)
 Metaspace       used 34744K, capacity 35186K, committed 35416K, reserved 1079296K
  class space    used 4480K, capacity 4610K, committed 4696K, reserved 1048576K
Event: 6.404 GC heap after
Heap after GC invocations=10 (full 2):
 PSYoungGen      total 247808K, used 0K [0x0000000780700000, 0x0000000791600000, 0x00000007c0000000)
  eden space 233472K, 0% used [0x0000000780700000,0x0000000780700000,0x000000078eb00000)
  from space 14336K, 0% used [0x000000078fb80000,0x000000078fb80000,0x0000000790980000)
  to   space 16896K, 0% used [0x000000078eb00000,0x000000078eb00000,0x000000078fb80000)
 ParOldGen       total 131072K, used 22934K [0x0000000701400000, 0x0000000709400000, 0x0000000780700000)
  object space 131072K, 17% used [0x0000000701400000,0x0000000702a65bb8,0x0000000709400000)
 Metaspace       used 34744K, capacity 35186K, committed 35416K, reserved 1079296K
  class space    used 4480K, capacity 4610K, committed 4696K, reserved 1048576K
}

